<?xml version="1.0" encoding="UTF-8"?>
<testsuite name="ehb.multec.werksuk.BakeInOvenTest" tests="1" skipped="0" failures="0" errors="0" timestamp="2021-05-21T17:24:57" hostname="Manishs-MBP.lan" time="0.049">
  <properties/>
  <testcase name="prepareTaart()" classname="ehb.multec.werksuk.BakeInOvenTest" time="0.049"/>
  <system-out><![CDATA[preheat oven 360°
mix the ingredients (milk, flour, baking soda, eggs and sugar) till its batter
bake in oven for 30 minutes
]]></system-out>
  <system-err><![CDATA[]]></system-err>
</testsuite>
